  [1m[36m (1.4ms)[0m  [1mCREATE TABLE "schema_migrations" ("version" varchar(255) NOT NULL) [0m
  [1m[35m (0.5ms)[0m  select sqlite_version(*)
  [1m[36m (1.0ms)[0m  [1mCREATE UNIQUE INDEX "unique_schema_migrations" ON "schema_migrations" ("version")[0m
  [1m[35mActiveRecord::SchemaMigration Load (0.1ms)[0m  SELECT "schema_migrations".* FROM "schema_migrations"
Migrating to CreateUsers (20140923193722)
  [1m[36m (0.1ms)[0m  [1mbegin transaction[0m
  [1m[35m (0.5ms)[0m  CREATE TABLE "users" ("id" INTEGER PRIMARY KEY AUTOINCREMENT NOT NULL, "created_at" datetime, "updated_at" datetime) 
  [1m[36mSQL (0.2ms)[0m  [1mINSERT INTO "schema_migrations" ("version") VALUES (?)[0m  [["version", "20140923193722"]]
  [1m[35m (0.8ms)[0m  commit transaction
  [1m[36mActiveRecord::SchemaMigration Load (0.1ms)[0m  [1mSELECT "schema_migrations".* FROM "schema_migrations"[0m


Started GET "/" for 127.0.0.1 at 2014-09-23 16:44:55 -0400
  [1m[36mActiveRecord::SchemaMigration Load (0.1ms)[0m  [1mSELECT "schema_migrations".* FROM "schema_migrations"[0m
Processing by WelcomeController#index as HTML
  Rendered welcome/index.html.erb within layouts/application (1.7ms)
Completed 200 OK in 943ms (Views: 928.2ms | ActiveRecord: 0.0ms)


Started GET "/" for 127.0.0.1 at 2014-09-23 16:44:57 -0400
Processing by WelcomeController#index as HTML
  Rendered welcome/index.html.erb within layouts/application (0.1ms)
Completed 200 OK in 36ms (Views: 35.4ms | ActiveRecord: 0.0ms)


Started GET "/assets/jquery.js?body=1" for 127.0.0.1 at 2014-09-23 16:44:57 -0400


Started GET "/assets/application.css?body=1" for 127.0.0.1 at 2014-09-23 16:44:57 -0400


Started GET "/assets/turbolinks.js?body=1" for 127.0.0.1 at 2014-09-23 16:44:57 -0400


Started GET "/assets/jquery_ujs.js?body=1" for 127.0.0.1 at 2014-09-23 16:44:57 -0400


Started GET "/assets/welcome.css?body=1" for 127.0.0.1 at 2014-09-23 16:44:57 -0400


Started GET "/assets/welcome.js?body=1" for 127.0.0.1 at 2014-09-23 16:44:57 -0400


Started GET "/assets/application.js?body=1" for 127.0.0.1 at 2014-09-23 16:44:57 -0400
  [1m[36m (1.3ms)[0m  [1mCREATE TABLE "schema_migrations" ("version" varchar(255) NOT NULL) [0m
  [1m[35m (0.1ms)[0m  select sqlite_version(*)
  [1m[36m (1.4ms)[0m  [1mCREATE UNIQUE INDEX "unique_schema_migrations" ON "schema_migrations" ("version")[0m
  [1m[35mActiveRecord::SchemaMigration Load (0.2ms)[0m  SELECT "schema_migrations".* FROM "schema_migrations"
Migrating to CreateUsers (20140923193722)
  [1m[36m (0.1ms)[0m  [1mbegin transaction[0m
  [1m[35m (0.5ms)[0m  CREATE TABLE "users" ("id" INTEGER PRIMARY KEY AUTOINCREMENT NOT NULL, "username" varchar(255), "email" varchar(255), "password_digest" varchar(255), "created_at" datetime, "updated_at" datetime) 
  [1m[36mSQL (0.2ms)[0m  [1mINSERT INTO "schema_migrations" ("version") VALUES (?)[0m  [["version", "20140923193722"]]
  [1m[35m (0.8ms)[0m  commit transaction
  [1m[36mActiveRecord::SchemaMigration Load (0.1ms)[0m  [1mSELECT "schema_migrations".* FROM "schema_migrations"[0m


Started GET "/" for 127.0.0.1 at 2014-09-23 17:06:01 -0400
  [1m[36mActiveRecord::SchemaMigration Load (0.1ms)[0m  [1mSELECT "schema_migrations".* FROM "schema_migrations"[0m
Processing by WelcomeController#index as HTML
  Rendered welcome/index.html.erb within layouts/application (1.7ms)
Completed 200 OK in 525ms (Views: 462.4ms | ActiveRecord: 0.0ms)


Started GET "/" for 127.0.0.1 at 2014-09-23 17:06:02 -0400
Processing by WelcomeController#index as HTML
  Rendered welcome/index.html.erb within layouts/application (0.1ms)
Completed 200 OK in 53ms (Views: 51.5ms | ActiveRecord: 0.0ms)


Started GET "/assets/welcome.css?body=1" for 127.0.0.1 at 2014-09-23 17:06:02 -0400


Started GET "/assets/application.css?body=1" for 127.0.0.1 at 2014-09-23 17:06:02 -0400


Started GET "/assets/jquery_ujs.js?body=1" for 127.0.0.1 at 2014-09-23 17:06:02 -0400


Started GET "/assets/jquery.js?body=1" for 127.0.0.1 at 2014-09-23 17:06:02 -0400


Started GET "/assets/users.css?body=1" for 127.0.0.1 at 2014-09-23 17:06:02 -0400


Started GET "/assets/turbolinks.js?body=1" for 127.0.0.1 at 2014-09-23 17:06:02 -0400


Started GET "/assets/users.js?body=1" for 127.0.0.1 at 2014-09-23 17:06:02 -0400


Started GET "/assets/welcome.js?body=1" for 127.0.0.1 at 2014-09-23 17:06:02 -0400


Started GET "/assets/application.js?body=1" for 127.0.0.1 at 2014-09-23 17:06:02 -0400


Started GET "/signup" for 127.0.0.1 at 2014-09-23 17:06:05 -0400

SyntaxError (/Users/justinwagner/Documents/coding/picture_convo/app/controllers/users_controller.rb:22: syntax error, unexpected end-of-input, expecting keyword_end):
  app/controllers/users_controller.rb:22: syntax error, unexpected end-of-input, expecting keyword_end


  Rendered /Users/justinwagner/.rvm/gems/ruby-2.0.0-p481/gems/actionpack-4.1.5/lib/action_dispatch/middleware/templates/rescues/_source.erb (0.8ms)
  Rendered /Users/justinwagner/.rvm/gems/ruby-2.0.0-p481/gems/actionpack-4.1.5/lib/action_dispatch/middleware/templates/rescues/_trace.html.erb (2.6ms)
  Rendered /Users/justinwagner/.rvm/gems/ruby-2.0.0-p481/gems/actionpack-4.1.5/lib/action_dispatch/middleware/templates/rescues/_request_and_response.html.erb (2.4ms)
  Rendered /Users/justinwagner/.rvm/gems/ruby-2.0.0-p481/gems/actionpack-4.1.5/lib/action_dispatch/middleware/templates/rescues/diagnostics.erb within rescues/layout (31.0ms)


Started GET "/signup" for 127.0.0.1 at 2014-09-23 17:06:35 -0400
Processing by UsersController#new as HTML
  Rendered users/new.html.erb within layouts/application (85.3ms)
Completed 200 OK in 139ms (Views: 127.8ms | ActiveRecord: 4.0ms)


Started GET "/assets/welcome.css?body=1" for 127.0.0.1 at 2014-09-23 17:06:36 -0400


Started GET "/assets/application.css?body=1" for 127.0.0.1 at 2014-09-23 17:06:36 -0400


Started GET "/assets/jquery.js?body=1" for 127.0.0.1 at 2014-09-23 17:06:36 -0400


Started GET "/assets/jquery_ujs.js?body=1" for 127.0.0.1 at 2014-09-23 17:06:36 -0400


Started GET "/assets/turbolinks.js?body=1" for 127.0.0.1 at 2014-09-23 17:06:36 -0400


Started GET "/assets/welcome.js?body=1" for 127.0.0.1 at 2014-09-23 17:06:36 -0400


Started GET "/assets/application.js?body=1" for 127.0.0.1 at 2014-09-23 17:06:36 -0400


Started POST "/signup" for 127.0.0.1 at 2014-09-23 17:06:44 -0400
Processing by UsersController#create as HTML
  Parameters: {"utf8"=>"✓", "authenticity_token"=>"kykqecK8CM24MsRBjcEvO2tln6SDnRvMBspRsNlvK/M=", "user"=>{"username"=>"odijweojdo", "email"=>"wjido@gmail.com", "password"=>"[FILTERED]"}, "commit"=>"Sign Up!"}
  [1m[35m (0.1ms)[0m  begin transaction
  [1m[36mUser Exists (0.2ms)[0m  [1mSELECT  1 AS one FROM "users"  WHERE "users"."email" = 'wjido@gmail.com' LIMIT 1[0m
  [1m[35mUser Exists (0.1ms)[0m  SELECT  1 AS one FROM "users"  WHERE "users"."username" = 'odijweojdo' LIMIT 1
Binary data inserted for `string` type on column `password_digest`
  [1m[36mSQL (0.5ms)[0m  [1mINSERT INTO "users" ("created_at", "email", "password_digest", "updated_at", "username") VALUES (?, ?, ?, ?, ?)[0m  [["created_at", "2014-09-23 21:06:44.553825"], ["email", "wjido@gmail.com"], ["password_digest", "$2a$10$gVqUcHTR.Afjj5Wi6M4nMOcyVicBTzt97W/yudc8ya7zvMi/mSCIS"], ["updated_at", "2014-09-23 21:06:44.553825"], ["username", "odijweojdo"]]
  [1m[35m (0.7ms)[0m  commit transaction
Redirected to http://127.0.0.1:3000/
Completed 302 Found in 140ms (ActiveRecord: 1.6ms)


Started GET "/" for 127.0.0.1 at 2014-09-23 17:06:44 -0400
Processing by WelcomeController#index as HTML
  Rendered welcome/index.html.erb within layouts/application (0.1ms)
Completed 200 OK in 113ms (Views: 111.5ms | ActiveRecord: 0.0ms)


Started GET "/assets/application.css?body=1" for 127.0.0.1 at 2014-09-23 17:06:44 -0400


Started GET "/assets/jquery.js?body=1" for 127.0.0.1 at 2014-09-23 17:06:44 -0400


Started GET "/assets/welcome.css?body=1" for 127.0.0.1 at 2014-09-23 17:06:44 -0400


Started GET "/assets/jquery_ujs.js?body=1" for 127.0.0.1 at 2014-09-23 17:06:44 -0400


Started GET "/assets/turbolinks.js?body=1" for 127.0.0.1 at 2014-09-23 17:06:44 -0400


Started GET "/assets/welcome.js?body=1" for 127.0.0.1 at 2014-09-23 17:06:44 -0400


Started GET "/assets/application.js?body=1" for 127.0.0.1 at 2014-09-23 17:06:44 -0400


Started GET "/" for 127.0.0.1 at 2014-09-23 17:07:43 -0400
Processing by WelcomeController#index as HTML
  Rendered welcome/index.html.erb within layouts/application (11.7ms)
Completed 500 Internal Server Error in 15ms

ActionView::Template::Error (undefined local variable or method `current_user' for #<#<Class:0x007f9d05809ba8>:0x007f9d0248d1a8>):
    1: <h1>Welcome to PictureConvo</h1>
    2: <p>Have conversations with your friends using pictures!</p>
    3: 
    4: <% if current_user %>
    5: <h2>Hello, <%= @user.username %></h2>
    6: <% end %>
  app/views/welcome/index.html.erb:4:in `_app_views_welcome_index_html_erb__3819308112755617055_70156162481580'


  Rendered /Users/justinwagner/.rvm/gems/ruby-2.0.0-p481/gems/actionpack-4.1.5/lib/action_dispatch/middleware/templates/rescues/_trace.html.erb (1.2ms)
  Rendered /Users/justinwagner/.rvm/gems/ruby-2.0.0-p481/gems/actionpack-4.1.5/lib/action_dispatch/middleware/templates/rescues/_request_and_response.html.erb (0.9ms)
  Rendered /Users/justinwagner/.rvm/gems/ruby-2.0.0-p481/gems/actionpack-4.1.5/lib/action_dispatch/middleware/templates/rescues/template_error.html.erb within rescues/layout (13.7ms)


Started GET "/" for 127.0.0.1 at 2014-09-23 17:08:16 -0400
Processing by WelcomeController#index as HTML
  Rendered welcome/index.html.erb within layouts/application (1.2ms)
Completed 500 Internal Server Error in 4ms

ActionView::Template::Error (undefined method `username' for 1:Fixnum):
    2: <p>Have conversations with your friends using pictures!</p>
    3: 
    4: <% if @user %>
    5: <h2>Hello, <%= @user.username %></h2>
    6: <% end %>
  app/views/welcome/index.html.erb:5:in `_app_views_welcome_index_html_erb__3819308112755617055_70156168203360'


  Rendered /Users/justinwagner/.rvm/gems/ruby-2.0.0-p481/gems/actionpack-4.1.5/lib/action_dispatch/middleware/templates/rescues/_trace.html.erb (1.2ms)
  Rendered /Users/justinwagner/.rvm/gems/ruby-2.0.0-p481/gems/actionpack-4.1.5/lib/action_dispatch/middleware/templates/rescues/_request_and_response.html.erb (1.2ms)
  Rendered /Users/justinwagner/.rvm/gems/ruby-2.0.0-p481/gems/actionpack-4.1.5/lib/action_dispatch/middleware/templates/rescues/template_error.html.erb within rescues/layout (15.6ms)


Started GET "/" for 127.0.0.1 at 2014-09-23 17:08:34 -0400
Processing by WelcomeController#index as HTML
  [1m[36mUser Load (0.2ms)[0m  [1mSELECT  "users".* FROM "users"  WHERE "users"."id" = ? LIMIT 1[0m  [["id", 1]]
  Rendered welcome/index.html.erb within layouts/application (0.2ms)
Completed 200 OK in 67ms (Views: 53.8ms | ActiveRecord: 0.7ms)


Started GET "/assets/application.css?body=1" for 127.0.0.1 at 2014-09-23 17:08:34 -0400


Started GET "/assets/welcome.css?body=1" for 127.0.0.1 at 2014-09-23 17:08:34 -0400


Started GET "/assets/jquery_ujs.js?body=1" for 127.0.0.1 at 2014-09-23 17:08:34 -0400


Started GET "/assets/application.js?body=1" for 127.0.0.1 at 2014-09-23 17:08:34 -0400


Started GET "/assets/turbolinks.js?body=1" for 127.0.0.1 at 2014-09-23 17:08:34 -0400


Started GET "/assets/jquery.js?body=1" for 127.0.0.1 at 2014-09-23 17:08:34 -0400


Started GET "/assets/welcome.js?body=1" for 127.0.0.1 at 2014-09-23 17:08:34 -0400


Started GET "/assets/users.js?body=1" for 127.0.0.1 at 2014-09-23 17:08:34 -0400


Started GET "/assets/users.css?body=1" for 127.0.0.1 at 2014-09-23 17:08:34 -0400


Started GET "/" for 127.0.0.1 at 2014-09-23 17:17:48 -0400
  [1m[36mActiveRecord::SchemaMigration Load (0.1ms)[0m  [1mSELECT "schema_migrations".* FROM "schema_migrations"[0m
Processing by WelcomeController#index as HTML
  [1m[35mUser Load (0.4ms)[0m  SELECT  "users".* FROM "users"  WHERE "users"."id" = ? LIMIT 1  [["id", 1]]
  Rendered welcome/index.html.erb within layouts/application (2.9ms)
Completed 500 Internal Server Error in 420ms

ActionView::Template::Error (undefined local variable or method `welcome_path' for #<#<Class:0x007fbbd3259748>:0x007fbbd3261740>):
    10: 	<nav>
    11:     <h2>PictureConvo</h2>
    12:     <ul>
    13:       <li><%= link_to 'Home', welcome_path %></li>
    14:       <% if session[:user_id] %>
    15:       <li> <%= link_to 'Logout', logout_path, method: :delete %></li>
    16:       <% else %>
  app/views/layouts/application.html.erb:13:in `_app_views_layouts_application_html_erb__2780597495413421358_70222332365500'


  Rendered /Users/justinwagner/.rvm/gems/ruby-2.0.0-p481/gems/actionpack-4.1.5/lib/action_dispatch/middleware/templates/rescues/_trace.html.erb (1.4ms)
  Rendered /Users/justinwagner/.rvm/gems/ruby-2.0.0-p481/gems/actionpack-4.1.5/lib/action_dispatch/middleware/templates/rescues/_request_and_response.html.erb (1.0ms)
  Rendered /Users/justinwagner/.rvm/gems/ruby-2.0.0-p481/gems/actionpack-4.1.5/lib/action_dispatch/middleware/templates/rescues/template_error.html.erb within rescues/layout (15.9ms)


Started GET "/" for 127.0.0.1 at 2014-09-23 17:18:23 -0400
  [1m[36mActiveRecord::SchemaMigration Load (0.1ms)[0m  [1mSELECT "schema_migrations".* FROM "schema_migrations"[0m
Processing by WelcomeController#index as HTML
  [1m[35mUser Load (0.2ms)[0m  SELECT  "users".* FROM "users"  WHERE "users"."id" = ? LIMIT 1  [["id", 1]]
  Rendered welcome/index.html.erb within layouts/application (1.3ms)
Completed 200 OK in 160ms (Views: 138.7ms | ActiveRecord: 0.5ms)


Started GET "/assets/welcome.css?body=1" for 127.0.0.1 at 2014-09-23 17:18:23 -0400


Started GET "/assets/users.css?body=1" for 127.0.0.1 at 2014-09-23 17:18:23 -0400


Started GET "/assets/application.css?body=1" for 127.0.0.1 at 2014-09-23 17:18:23 -0400


Started GET "/assets/jquery.js?body=1" for 127.0.0.1 at 2014-09-23 17:18:23 -0400


Started GET "/assets/jquery_ujs.js?body=1" for 127.0.0.1 at 2014-09-23 17:18:23 -0400


Started GET "/assets/sessions.js?body=1" for 127.0.0.1 at 2014-09-23 17:18:23 -0400


Started GET "/assets/turbolinks.js?body=1" for 127.0.0.1 at 2014-09-23 17:18:23 -0400


Started GET "/assets/sessions.css?body=1" for 127.0.0.1 at 2014-09-23 17:18:23 -0400


Started GET "/assets/users.js?body=1" for 127.0.0.1 at 2014-09-23 17:18:23 -0400


Started GET "/assets/welcome.js?body=1" for 127.0.0.1 at 2014-09-23 17:18:23 -0400


Started GET "/assets/application.js?body=1" for 127.0.0.1 at 2014-09-23 17:18:23 -0400


Started DELETE "/logout" for 127.0.0.1 at 2014-09-23 17:18:27 -0400
Processing by SessionsController#destroy as HTML
  Parameters: {"authenticity_token"=>"kykqecK8CM24MsRBjcEvO2tln6SDnRvMBspRsNlvK/M="}
Redirected to http://127.0.0.1:3000/
Completed 302 Found in 1ms (ActiveRecord: 0.0ms)


Started GET "/" for 127.0.0.1 at 2014-09-23 17:18:27 -0400
Processing by WelcomeController#index as HTML
  Rendered welcome/index.html.erb within layouts/application (0.1ms)
Completed 200 OK in 53ms (Views: 52.0ms | ActiveRecord: 0.0ms)


Started GET "/assets/welcome.css?body=1" for 127.0.0.1 at 2014-09-23 17:18:27 -0400


Started GET "/assets/jquery.js?body=1" for 127.0.0.1 at 2014-09-23 17:18:27 -0400


Started GET "/assets/application.css?body=1" for 127.0.0.1 at 2014-09-23 17:18:27 -0400


Started GET "/assets/users.js?body=1" for 127.0.0.1 at 2014-09-23 17:18:27 -0400


Started GET "/assets/application.js?body=1" for 127.0.0.1 at 2014-09-23 17:18:27 -0400


Started GET "/assets/welcome.js?body=1" for 127.0.0.1 at 2014-09-23 17:18:27 -0400


Started GET "/assets/jquery_ujs.js?body=1" for 127.0.0.1 at 2014-09-23 17:18:27 -0400


Started GET "/assets/turbolinks.js?body=1" for 127.0.0.1 at 2014-09-23 17:18:27 -0400


Started GET "/assets/users.css?body=1" for 127.0.0.1 at 2014-09-23 17:18:27 -0400


Started GET "/signup" for 127.0.0.1 at 2014-09-23 17:18:30 -0400
Processing by UsersController#new as HTML
  Rendered users/new.html.erb within layouts/application (22.3ms)
Completed 200 OK in 125ms (Views: 123.6ms | ActiveRecord: 0.0ms)


Started GET "/login" for 127.0.0.1 at 2014-09-23 17:18:32 -0400
Processing by SessionsController#new as HTML
Completed 500 Internal Server Error in 4ms

ActionView::MissingTemplate (Missing template sessions/new, application/new with {:locale=>[:en], :formats=>[:html, :xml], :variants=>[], :handlers=>[:erb, :builder, :raw, :ruby, :jbuilder, :coffee]}. Searched in:
  * "/Users/justinwagner/Documents/coding/picture_convo/app/views"
):
  actionview (4.1.5) lib/action_view/path_set.rb:46:in `find'
  actionview (4.1.5) lib/action_view/lookup_context.rb:124:in `find'
  actionview (4.1.5) lib/action_view/renderer/abstract_renderer.rb:18:in `find_template'
  actionview (4.1.5) lib/action_view/renderer/template_renderer.rb:41:in `determine_template'
  actionview (4.1.5) lib/action_view/renderer/template_renderer.rb:8:in `render'
  actionview (4.1.5) lib/action_view/renderer/renderer.rb:42:in `render_template'
  actionview (4.1.5) lib/action_view/renderer/renderer.rb:23:in `render'
  actionview (4.1.5) lib/action_view/rendering.rb:99:in `_render_template'
  actionpack (4.1.5) lib/action_controller/metal/streaming.rb:217:in `_render_template'
  actionview (4.1.5) lib/action_view/rendering.rb:82:in `render_to_body'
  actionpack (4.1.5) lib/action_controller/metal/rendering.rb:32:in `render_to_body'
  actionpack (4.1.5) lib/action_controller/metal/renderers.rb:32:in `render_to_body'
  actionpack (4.1.5) lib/abstract_controller/rendering.rb:25:in `render'
  actionpack (4.1.5) lib/action_controller/metal/rendering.rb:16:in `render'
  actionpack (4.1.5) lib/action_controller/metal/instrumentation.rb:41:in `block (2 levels) in render'
  activesupport (4.1.5) lib/active_support/core_ext/benchmark.rb:12:in `block in ms'
  /Users/justinwagner/.rvm/rubies/ruby-2.0.0-p481/lib/ruby/2.0.0/benchmark.rb:296:in `realtime'
  activesupport (4.1.5) lib/active_support/core_ext/benchmark.rb:12:in `ms'
  actionpack (4.1.5) lib/action_controller/metal/instrumentation.rb:41:in `block in render'
  actionpack (4.1.5) lib/action_controller/metal/instrumentation.rb:84:in `cleanup_view_runtime'
  activerecord (4.1.5) lib/active_record/railties/controller_runtime.rb:25:in `cleanup_view_runtime'
  actionpack (4.1.5) lib/action_controller/metal/instrumentation.rb:40:in `render'
  actionpack (4.1.5) lib/action_controller/metal/implicit_render.rb:10:in `default_render'
  actionpack (4.1.5) lib/action_controller/metal/implicit_render.rb:5:in `send_action'
  actionpack (4.1.5) lib/abstract_controller/base.rb:189:in `process_action'
  actionpack (4.1.5) lib/action_controller/metal/rendering.rb:10:in `process_action'
  actionpack (4.1.5) lib/abstract_controller/callbacks.rb:20:in `block in process_action'
  activesupport (4.1.5) lib/active_support/callbacks.rb:113:in `call'
  activesupport (4.1.5) lib/active_support/callbacks.rb:113:in `call'
  activesupport (4.1.5) lib/active_support/callbacks.rb:229:in `block in halting'
  activesupport (4.1.5) lib/active_support/callbacks.rb:229:in `call'
  activesupport (4.1.5) lib/active_support/callbacks.rb:229:in `block in halting'
  activesupport (4.1.5) lib/active_support/callbacks.rb:166:in `call'
  activesupport (4.1.5) lib/active_support/callbacks.rb:166:in `block in halting'
  activesupport (4.1.5) lib/active_support/callbacks.rb:166:in `call'
  activesupport (4.1.5) lib/active_support/callbacks.rb:166:in `block in halting'
  activesupport (4.1.5) lib/active_support/callbacks.rb:166:in `call'
  activesupport (4.1.5) lib/active_support/callbacks.rb:166:in `block in halting'
  activesupport (4.1.5) lib/active_support/callbacks.rb:86:in `call'
  activesupport (4.1.5) lib/active_support/callbacks.rb:86:in `run_callbacks'
  actionpack (4.1.5) lib/abstract_controller/callbacks.rb:19:in `process_action'
  actionpack (4.1.5) lib/action_controller/metal/rescue.rb:29:in `process_action'
  actionpack (4.1.5) lib/action_controller/metal/instrumentation.rb:31:in `block in process_action'
  activesupport (4.1.5) lib/active_support/notifications.rb:159:in `block in instrument'
  activesupport (4.1.5) lib/active_support/notifications/instrumenter.rb:20:in `instrument'
  activesupport (4.1.5) lib/active_support/notifications.rb:159:in `instrument'
  actionpack (4.1.5) lib/action_controller/metal/instrumentation.rb:30:in `process_action'
  actionpack (4.1.5) lib/action_controller/metal/params_wrapper.rb:250:in `process_action'
  activerecord (4.1.5) lib/active_record/railties/controller_runtime.rb:18:in `process_action'
  actionpack (4.1.5) lib/abstract_controller/base.rb:136:in `process'
  actionview (4.1.5) lib/action_view/rendering.rb:30:in `process'
  actionpack (4.1.5) lib/action_controller/metal.rb:196:in `dispatch'
  actionpack (4.1.5) lib/action_controller/metal/rack_delegation.rb:13:in `dispatch'
  actionpack (4.1.5) lib/action_controller/metal.rb:232:in `block in action'
  actionpack (4.1.5) lib/action_dispatch/routing/route_set.rb:82:in `call'
  actionpack (4.1.5) lib/action_dispatch/routing/route_set.rb:82:in `dispatch'
  actionpack (4.1.5) lib/action_dispatch/routing/route_set.rb:50:in `call'
  actionpack (4.1.5) lib/action_dispatch/journey/router.rb:71:in `block in call'
  actionpack (4.1.5) lib/action_dispatch/journey/router.rb:59:in `each'
  actionpack (4.1.5) lib/action_dispatch/journey/router.rb:59:in `call'
  actionpack (4.1.5) lib/action_dispatch/routing/route_set.rb:678:in `call'
  rack (1.5.2) lib/rack/etag.rb:23:in `call'
  rack (1.5.2) lib/rack/conditionalget.rb:25:in `call'
  rack (1.5.2) lib/rack/head.rb:11:in `call'
  actionpack (4.1.5) lib/action_dispatch/middleware/params_parser.rb:27:in `call'
  actionpack (4.1.5) lib/action_dispatch/middleware/flash.rb:254:in `call'
  rack (1.5.2) lib/rack/session/abstract/id.rb:225:in `context'
  rack (1.5.2) lib/rack/session/abstract/id.rb:220:in `call'
  actionpack (4.1.5) lib/action_dispatch/middleware/cookies.rb:560:in `call'
  activerecord (4.1.5) lib/active_record/query_cache.rb:36:in `call'
  activerecord (4.1.5) lib/active_record/connection_adapters/abstract/connection_pool.rb:621:in `call'
  activerecord (4.1.5) lib/active_record/migration.rb:380:in `call'
  actionpack (4.1.5) lib/action_dispatch/middleware/callbacks.rb:29:in `block in call'
  activesupport (4.1.5) lib/active_support/callbacks.rb:82:in `run_callbacks'
  actionpack (4.1.5) lib/action_dispatch/middleware/callbacks.rb:27:in `call'
  actionpack (4.1.5) lib/action_dispatch/middleware/reloader.rb:73:in `call'
  actionpack (4.1.5) lib/action_dispatch/middleware/remote_ip.rb:76:in `call'
  actionpack (4.1.5) lib/action_dispatch/middleware/debug_exceptions.rb:17:in `call'
  actionpack (4.1.5) lib/action_dispatch/middleware/show_exceptions.rb:30:in `call'
  railties (4.1.5) lib/rails/rack/logger.rb:38:in `call_app'
  railties (4.1.5) lib/rails/rack/logger.rb:20:in `block in call'
  activesupport (4.1.5) lib/active_support/tagged_logging.rb:68:in `block in tagged'
  activesupport (4.1.5) lib/active_support/tagged_logging.rb:26:in `tagged'
  activesupport (4.1.5) lib/active_support/tagged_logging.rb:68:in `tagged'
  railties (4.1.5) lib/rails/rack/logger.rb:20:in `call'
  actionpack (4.1.5) lib/action_dispatch/middleware/request_id.rb:21:in `call'
  rack (1.5.2) lib/rack/methodoverride.rb:21:in `call'
  rack (1.5.2) lib/rack/runtime.rb:17:in `call'
  activesupport (4.1.5) lib/active_support/cache/strategy/local_cache_middleware.rb:26:in `call'
  rack (1.5.2) lib/rack/lock.rb:17:in `call'
  actionpack (4.1.5) lib/action_dispatch/middleware/static.rb:64:in `call'
  rack (1.5.2) lib/rack/sendfile.rb:112:in `call'
  railties (4.1.5) lib/rails/engine.rb:514:in `call'
  railties (4.1.5) lib/rails/application.rb:144:in `call'
  rack (1.5.2) lib/rack/lock.rb:17:in `call'
  rack (1.5.2) lib/rack/content_length.rb:14:in `call'
  rack (1.5.2) lib/rack/handler/webrick.rb:60:in `service'
  /Users/justinwagner/.rvm/rubies/ruby-2.0.0-p481/lib/ruby/2.0.0/webrick/httpserver.rb:138:in `service'
  /Users/justinwagner/.rvm/rubies/ruby-2.0.0-p481/lib/ruby/2.0.0/webrick/httpserver.rb:94:in `run'
  /Users/justinwagner/.rvm/rubies/ruby-2.0.0-p481/lib/ruby/2.0.0/webrick/server.rb:295:in `block in start_thread'


  Rendered /Users/justinwagner/.rvm/gems/ruby-2.0.0-p481/gems/actionpack-4.1.5/lib/action_dispatch/middleware/templates/rescues/missing_template.html.erb within rescues/layout (0.5ms)


Started GET "/login" for 127.0.0.1 at 2014-09-23 17:18:32 -0400
Processing by SessionsController#new as HTML
Completed 500 Internal Server Error in 4ms

ActionView::MissingTemplate (Missing template sessions/new, application/new with {:locale=>[:en], :formats=>[:html], :variants=>[], :handlers=>[:erb, :builder, :raw, :ruby, :jbuilder, :coffee]}. Searched in:
  * "/Users/justinwagner/Documents/coding/picture_convo/app/views"
):
  actionview (4.1.5) lib/action_view/path_set.rb:46:in `find'
  actionview (4.1.5) lib/action_view/lookup_context.rb:124:in `find'
  actionview (4.1.5) lib/action_view/renderer/abstract_renderer.rb:18:in `find_template'
  actionview (4.1.5) lib/action_view/renderer/template_renderer.rb:41:in `determine_template'
  actionview (4.1.5) lib/action_view/renderer/template_renderer.rb:8:in `render'
  actionview (4.1.5) lib/action_view/renderer/renderer.rb:42:in `render_template'
  actionview (4.1.5) lib/action_view/renderer/renderer.rb:23:in `render'
  actionview (4.1.5) lib/action_view/rendering.rb:99:in `_render_template'
  actionpack (4.1.5) lib/action_controller/metal/streaming.rb:217:in `_render_template'
  actionview (4.1.5) lib/action_view/rendering.rb:82:in `render_to_body'
  actionpack (4.1.5) lib/action_controller/metal/rendering.rb:32:in `render_to_body'
  actionpack (4.1.5) lib/action_controller/metal/renderers.rb:32:in `render_to_body'
  actionpack (4.1.5) lib/abstract_controller/rendering.rb:25:in `render'
  actionpack (4.1.5) lib/action_controller/metal/rendering.rb:16:in `render'
  actionpack (4.1.5) lib/action_controller/metal/instrumentation.rb:41:in `block (2 levels) in render'
  activesupport (4.1.5) lib/active_support/core_ext/benchmark.rb:12:in `block in ms'
  /Users/justinwagner/.rvm/rubies/ruby-2.0.0-p481/lib/ruby/2.0.0/benchmark.rb:296:in `realtime'
  activesupport (4.1.5) lib/active_support/core_ext/benchmark.rb:12:in `ms'
  actionpack (4.1.5) lib/action_controller/metal/instrumentation.rb:41:in `block in render'
  actionpack (4.1.5) lib/action_controller/metal/instrumentation.rb:84:in `cleanup_view_runtime'
  activerecord (4.1.5) lib/active_record/railties/controller_runtime.rb:25:in `cleanup_view_runtime'
  actionpack (4.1.5) lib/action_controller/metal/instrumentation.rb:40:in `render'
  actionpack (4.1.5) lib/action_controller/metal/implicit_render.rb:10:in `default_render'
  actionpack (4.1.5) lib/action_controller/metal/implicit_render.rb:5:in `send_action'
  actionpack (4.1.5) lib/abstract_controller/base.rb:189:in `process_action'
  actionpack (4.1.5) lib/action_controller/metal/rendering.rb:10:in `process_action'
  actionpack (4.1.5) lib/abstract_controller/callbacks.rb:20:in `block in process_action'
  activesupport (4.1.5) lib/active_support/callbacks.rb:113:in `call'
  activesupport (4.1.5) lib/active_support/callbacks.rb:113:in `call'
  activesupport (4.1.5) lib/active_support/callbacks.rb:229:in `block in halting'
  activesupport (4.1.5) lib/active_support/callbacks.rb:229:in `call'
  activesupport (4.1.5) lib/active_support/callbacks.rb:229:in `block in halting'
  activesupport (4.1.5) lib/active_support/callbacks.rb:166:in `call'
  activesupport (4.1.5) lib/active_support/callbacks.rb:166:in `block in halting'
  activesupport (4.1.5) lib/active_support/callbacks.rb:166:in `call'
  activesupport (4.1.5) lib/active_support/callbacks.rb:166:in `block in halting'
  activesupport (4.1.5) lib/active_support/callbacks.rb:166:in `call'
  activesupport (4.1.5) lib/active_support/callbacks.rb:166:in `block in halting'
  activesupport (4.1.5) lib/active_support/callbacks.rb:86:in `call'
  activesupport (4.1.5) lib/active_support/callbacks.rb:86:in `run_callbacks'
  actionpack (4.1.5) lib/abstract_controller/callbacks.rb:19:in `process_action'
  actionpack (4.1.5) lib/action_controller/metal/rescue.rb:29:in `process_action'
  actionpack (4.1.5) lib/action_controller/metal/instrumentation.rb:31:in `block in process_action'
  activesupport (4.1.5) lib/active_support/notifications.rb:159:in `block in instrument'
  activesupport (4.1.5) lib/active_support/notifications/instrumenter.rb:20:in `instrument'
  activesupport (4.1.5) lib/active_support/notifications.rb:159:in `instrument'
  actionpack (4.1.5) lib/action_controller/metal/instrumentation.rb:30:in `process_action'
  actionpack (4.1.5) lib/action_controller/metal/params_wrapper.rb:250:in `process_action'
  activerecord (4.1.5) lib/active_record/railties/controller_runtime.rb:18:in `process_action'
  actionpack (4.1.5) lib/abstract_controller/base.rb:136:in `process'
  actionview (4.1.5) lib/action_view/rendering.rb:30:in `process'
  actionpack (4.1.5) lib/action_controller/metal.rb:196:in `dispatch'
  actionpack (4.1.5) lib/action_controller/metal/rack_delegation.rb:13:in `dispatch'
  actionpack (4.1.5) lib/action_controller/metal.rb:232:in `block in action'
  actionpack (4.1.5) lib/action_dispatch/routing/route_set.rb:82:in `call'
  actionpack (4.1.5) lib/action_dispatch/routing/route_set.rb:82:in `dispatch'
  actionpack (4.1.5) lib/action_dispatch/routing/route_set.rb:50:in `call'
  actionpack (4.1.5) lib/action_dispatch/journey/router.rb:71:in `block in call'
  actionpack (4.1.5) lib/action_dispatch/journey/router.rb:59:in `each'
  actionpack (4.1.5) lib/action_dispatch/journey/router.rb:59:in `call'
  actionpack (4.1.5) lib/action_dispatch/routing/route_set.rb:678:in `call'
  rack (1.5.2) lib/rack/etag.rb:23:in `call'
  rack (1.5.2) lib/rack/conditionalget.rb:25:in `call'
  rack (1.5.2) lib/rack/head.rb:11:in `call'
  actionpack (4.1.5) lib/action_dispatch/middleware/params_parser.rb:27:in `call'
  actionpack (4.1.5) lib/action_dispatch/middleware/flash.rb:254:in `call'
  rack (1.5.2) lib/rack/session/abstract/id.rb:225:in `context'
  rack (1.5.2) lib/rack/session/abstract/id.rb:220:in `call'
  actionpack (4.1.5) lib/action_dispatch/middleware/cookies.rb:560:in `call'
  activerecord (4.1.5) lib/active_record/query_cache.rb:36:in `call'
  activerecord (4.1.5) lib/active_record/connection_adapters/abstract/connection_pool.rb:621:in `call'
  activerecord (4.1.5) lib/active_record/migration.rb:380:in `call'
  actionpack (4.1.5) lib/action_dispatch/middleware/callbacks.rb:29:in `block in call'
  activesupport (4.1.5) lib/active_support/callbacks.rb:82:in `run_callbacks'
  actionpack (4.1.5) lib/action_dispatch/middleware/callbacks.rb:27:in `call'
  actionpack (4.1.5) lib/action_dispatch/middleware/reloader.rb:73:in `call'
  actionpack (4.1.5) lib/action_dispatch/middleware/remote_ip.rb:76:in `call'
  actionpack (4.1.5) lib/action_dispatch/middleware/debug_exceptions.rb:17:in `call'
  actionpack (4.1.5) lib/action_dispatch/middleware/show_exceptions.rb:30:in `call'
  railties (4.1.5) lib/rails/rack/logger.rb:38:in `call_app'
  railties (4.1.5) lib/rails/rack/logger.rb:20:in `block in call'
  activesupport (4.1.5) lib/active_support/tagged_logging.rb:68:in `block in tagged'
  activesupport (4.1.5) lib/active_support/tagged_logging.rb:26:in `tagged'
  activesupport (4.1.5) lib/active_support/tagged_logging.rb:68:in `tagged'
  railties (4.1.5) lib/rails/rack/logger.rb:20:in `call'
  actionpack (4.1.5) lib/action_dispatch/middleware/request_id.rb:21:in `call'
  rack (1.5.2) lib/rack/methodoverride.rb:21:in `call'
  rack (1.5.2) lib/rack/runtime.rb:17:in `call'
  activesupport (4.1.5) lib/active_support/cache/strategy/local_cache_middleware.rb:26:in `call'
  rack (1.5.2) lib/rack/lock.rb:17:in `call'
  actionpack (4.1.5) lib/action_dispatch/middleware/static.rb:64:in `call'
  rack (1.5.2) lib/rack/sendfile.rb:112:in `call'
  railties (4.1.5) lib/rails/engine.rb:514:in `call'
  railties (4.1.5) lib/rails/application.rb:144:in `call'
  rack (1.5.2) lib/rack/lock.rb:17:in `call'
  rack (1.5.2) lib/rack/content_length.rb:14:in `call'
  rack (1.5.2) lib/rack/handler/webrick.rb:60:in `service'
  /Users/justinwagner/.rvm/rubies/ruby-2.0.0-p481/lib/ruby/2.0.0/webrick/httpserver.rb:138:in `service'
  /Users/justinwagner/.rvm/rubies/ruby-2.0.0-p481/lib/ruby/2.0.0/webrick/httpserver.rb:94:in `run'
  /Users/justinwagner/.rvm/rubies/ruby-2.0.0-p481/lib/ruby/2.0.0/webrick/server.rb:295:in `block in start_thread'


  Rendered /Users/justinwagner/.rvm/gems/ruby-2.0.0-p481/gems/actionpack-4.1.5/lib/action_dispatch/middleware/templates/rescues/missing_template.html.erb within rescues/layout (0.5ms)


Started GET "/signup" for 127.0.0.1 at 2014-09-23 17:18:35 -0400
Processing by UsersController#new as HTML
  Rendered users/new.html.erb within layouts/application (2.8ms)
Completed 200 OK in 56ms (Views: 55.1ms | ActiveRecord: 0.0ms)


Started GET "/" for 127.0.0.1 at 2014-09-23 17:18:37 -0400
Processing by WelcomeController#index as HTML
  Rendered welcome/index.html.erb within layouts/application (0.5ms)
Completed 200 OK in 111ms (Views: 110.5ms | ActiveRecord: 0.0ms)


Started GET "/signup" for 127.0.0.1 at 2014-09-23 17:18:39 -0400
Processing by UsersController#new as HTML
  Rendered users/new.html.erb within layouts/application (2.4ms)
Completed 200 OK in 51ms (Views: 50.0ms | ActiveRecord: 0.0ms)
